<?xml version="1.0" encoding="UTF-8"?>
<!-- Generated by org.testng.reporters.JUnitReportReporter -->
<testsuite hostname="zhangyj01" name="com.ifeng.test.BaiduPageTest" tests="1" failures="0" timestamp="29 Apr 2014 10:29:27 GMT" time="1.027" errors="0">
  <testcase name="getResult" time="1.027" classname="com.ifeng.test.BaiduPageTest"/>
</testsuite> <!-- com.ifeng.test.BaiduPageTest -->
