<?xml version="1.0" encoding="UTF-8"?>
<!-- Generated by org.testng.reporters.JUnitReportReporter -->
<testsuite hostname="zhangyj01" name="com.test.weibo.NewTest" tests="1" failures="0" timestamp="14 May 2014 02:22:54 GMT" time="22.101" errors="0">
  <testcase name="f" time="22.101" classname="com.test.weibo.NewTest"/>
</testsuite> <!-- com.test.weibo.NewTest -->
