<?xml version="1.0" encoding="UTF-8"?>
<!-- Generated by org.testng.reporters.JUnitReportReporter -->
<testsuite hostname="zhangyj01" name="com.test.weibo.NewTest1" tests="1" failures="0" timestamp="15 May 2014 06:23:01 GMT" time="21.080" errors="0">
  <testcase name="f" time="21.080" classname="com.test.weibo.NewTest1"/>
</testsuite> <!-- com.test.weibo.NewTest1 -->
