<?xml version="1.0" encoding="UTF-8"?>
<!-- Generated by org.testng.reporters.JUnitReportReporter -->
<testsuite hostname="zhangyj01" name="com.test.dataprovider.DataProviderTest1" tests="1" failures="0" timestamp="18 Aug 2014 06:39:33 GMT" time="25.294" errors="0">
  <testcase name="verifyData1" time="25.294" classname="com.test.dataprovider.DataProviderTest1"/>
</testsuite> <!-- com.test.dataprovider.DataProviderTest1 -->
