<?xml version="1.0" encoding="UTF-8"?>
<!-- Generated by org.testng.reporters.JUnitReportReporter -->
<testsuite hostname="zhangyj01" name="com.test.catcher.Demo1" tests="1" failures="0" timestamp="15 Sep 2014 07:44:54 GMT" time="44.704" errors="0">
  <testcase name="richText" time="44.704" classname="com.test.catcher.Demo1"/>
</testsuite> <!-- com.test.catcher.Demo1 -->
