<?xml version="1.0" encoding="UTF-8"?>
<!-- Generated by org.testng.reporters.JUnitReportReporter -->
<testsuite hostname="zhangyj01" name="com.test.temp.NewTest" tests="1" failures="0" timestamp="12 Sep 2014 07:56:40 GMT" time="4.489" errors="0">
  <testcase name="mutilIframe" time="4.489" classname="com.test.temp.NewTest"/>
</testsuite> <!-- com.test.temp.NewTest -->
