<?xml version="1.0" encoding="UTF-8"?>
<!-- Generated by org.testng.reporters.JUnitReportReporter -->
<testsuite hostname="zhangyj01" name="com.test.catcher.CatcherBaidu" tests="1" failures="0" timestamp="9 Sep 2014 09:55:57 GMT" time="20.421" errors="0">
  <testcase name="testDemo" time="20.421" classname="com.test.catcher.CatcherBaidu"/>
</testsuite> <!-- com.test.catcher.CatcherBaidu -->
