<?xml version="1.0" encoding="UTF-8"?>
<!-- Generated by org.testng.reporters.JUnitReportReporter -->
<testsuite hostname="zhangyj01" name="com.test.cases.NewTest" tests="1" failures="0" timestamp="2 Sep 2014 09:54:08 GMT" time="32.301" errors="0">
  <testcase name="testSearch" time="32.301" classname="com.test.cases.NewTest"/>
</testsuite> <!-- com.test.cases.NewTest -->
