<?xml version="1.0" encoding="UTF-8"?>
<!-- Generated by org.testng.reporters.JUnitReportReporter -->
<testsuite hostname="zhangyj01" name="com.test.cases.NewTest1" tests="1" failures="0" timestamp="2 Sep 2014 10:49:16 GMT" time="18.684" errors="0">
  <testcase name="testSearch" time="18.684" classname="com.test.cases.NewTest1"/>
</testsuite> <!-- com.test.cases.NewTest1 -->
